{"name": "test_eval[验证6*9=42]", "status": "failed", "statusDetails": {"message": "AssertionError: assert 54 == 42\n +  where 54 = eval('6 * 9')", "trace": "po\\cases\\one\\test_allure_title_parametrize.py:46: in test_eval\n    assert eval(parameters['test_input']) == parameters['expected']\nE   AssertionError: assert 54 == 42\nE    +  where 54 = eval('6 * 9')\n        parameters = {'expected': 42, 'id': '验证6*9=42', 'test_input': '6 * 9'}"}, "description": "验证pytest局部钩子,仅限于本文件,其他的测试文件并不共享。", "parameters": [{"name": "parameters", "value": "{'test_input': '6 * 9', 'expected': 42, 'id': '验证6*9=42'}"}], "start": 1665150020571, "stop": 1665150020571, "uuid": "71a305a1-3190-4f33-b5d5-603f4f2d49b2", "historyId": "df7f42b89ca853f45d746d0e15057e2d", "testCaseId": "94178de5212710c9390778511f12c0ac", "fullName": "po.cases.one.test_allure_title_parametrize#test_eval", "labels": [{"name": "parentSuite", "value": "po.cases.one"}, {"name": "suite", "value": "test_allure_title_parametrize"}, {"name": "host", "value": "DESKTOP-3HNOCR2"}, {"name": "thread", "value": "6840-MainThread"}, {"name": "framework", "value": "pytest"}, {"name": "language", "value": "cpython3"}, {"name": "package", "value": "po.cases.one.test_allure_title_parametrize"}]}